The target system is: Windows -  - 
The host system is: Darwin - 22.1.0 - arm64
Compiling the CXX compiler identification source file "CMakeCXXCompilerId.cpp" succeeded.
Compiler: /opt/homebrew/bin/x86_64-w64-mingw32-g++ 
Build flags: 
Id flags:  

The output was:
0


Compilation of the CXX compiler identification source "CMakeCXXCompilerId.cpp" produced "a.exe"

The CXX compiler identification is GNU, found in "/Users/kevindavis/Documents/Computer-Projects/C++-Projects/abmbci/build/CMakeFiles/3.24.3/CompilerIdCXX/a.exe"

Compiling the C compiler identification source file "CMakeCCompilerId.c" succeeded.
Compiler: /opt/homebrew/bin/x86_64-w64-mingw32-gcc 
Build flags: 
Id flags:  

The output was:
0


Compilation of the C compiler identification source "CMakeCCompilerId.c" produced "a.exe"

The C compiler identification is GNU, found in "/Users/kevindavis/Documents/Computer-Projects/C++-Projects/abmbci/build/CMakeFiles/3.24.3/CompilerIdC/a.exe"

Detecting CXX compiler ABI info compiled with the following output:
Change Dir: /Users/kevindavis/Documents/Computer-Projects/C++-Projects/abmbci/build/CMakeFiles/CMakeTmp

Run Build Command(s):/usr/bin/make -f Makefile cmTC_e89e4/fast && /Applications/Xcode.app/Contents/Developer/usr/bin/make  -f CMakeFiles/cmTC_e89e4.dir/build.make CMakeFiles/cmTC_e89e4.dir/build
Building CXX object CMakeFiles/cmTC_e89e4.dir/CMakeCXXCompilerABI.cpp.obj
/opt/homebrew/bin/x86_64-w64-mingw32-g++   -v -o CMakeFiles/cmTC_e89e4.dir/CMakeCXXCompilerABI.cpp.obj -c /opt/homebrew/Cellar/cmake/3.24.3/share/cmake/Modules/CMakeCXXCompilerABI.cpp
Using built-in specs.
COLLECT_GCC=/opt/homebrew/bin/x86_64-w64-mingw32-g++
Target: x86_64-w64-mingw32
Configured with: ../configure --target=x86_64-w64-mingw32 --with-sysroot=/opt/homebrew/Cellar/mingw-w64/10.0.0_3/toolchain-x86_64 --prefix=/opt/homebrew/Cellar/mingw-w64/10.0.0_3/toolchain-x86_64 --with-bugurl=https://github.com/Homebrew/homebrew-core/issues --enable-languages=c,c++,fortran --with-ld=/opt/homebrew/Cellar/mingw-w64/10.0.0_3/toolchain-x86_64/bin/x86_64-w64-mingw32-ld --with-as=/opt/homebrew/Cellar/mingw-w64/10.0.0_3/toolchain-x86_64/bin/x86_64-w64-mingw32-as --with-gmp=/opt/homebrew/opt/gmp --with-mpfr=/opt/homebrew/opt/mpfr --with-mpc=/opt/homebrew/opt/libmpc --with-isl=/opt/homebrew/opt/isl --with-zstd=no --disable-multilib --disable-nls --enable-threads=posix
Thread model: posix
Supported LTO compression algorithms: zlib
gcc version 12.2.0 (GCC) 
COLLECT_GCC_OPTIONS='-v' '-o' 'CMakeFiles/cmTC_e89e4.dir/CMakeCXXCompilerABI.cpp.obj' '-c' '-shared-libgcc' '-mtune=generic' '-march=x86-64' '-dumpdir' 'CMakeFiles/cmTC_e89e4.dir/'
 /opt/homebrew/Cellar/mingw-w64/10.0.0_3/toolchain-x86_64/libexec/gcc/x86_64-w64-mingw32/12.2.0/cc1plus -quiet -v -D_REENTRANT /opt/homebrew/Cellar/cmake/3.24.3/share/cmake/Modules/CMakeCXXCompilerABI.cpp -quiet -dumpdir CMakeFiles/cmTC_e89e4.dir/ -dumpbase CMakeCXXCompilerABI.cpp.cpp -dumpbase-ext .cpp -mtune=generic -march=x86-64 -version -o /var/folders/7n/8q9hy8d96cj34whp68fj32700000gn/T//ccl1pOFE.s
GNU C++17 (GCC) version 12.2.0 (x86_64-w64-mingw32)
	compiled by GNU C version Apple LLVM 13.1.6 (clang-1316.0.21.2.5), GMP version 6.2.1, MPFR version 4.1.0, MPC version 1.2.1, isl version isl-0.25-GMP

GGC heuristics: --param ggc-min-expand=100 --param ggc-min-heapsize=131072
ignoring nonexistent directory "/opt/homebrew/Cellar/mingw-w64/10.0.0_3/toolchain-x86_64/usr/local/include"
ignoring duplicate directory "/opt/homebrew/Cellar/mingw-w64/10.0.0_3/toolchain-x86_64/mingw/include"
#include "..." search starts here:
#include <...> search starts here:
 /opt/homebrew/Cellar/mingw-w64/10.0.0_3/toolchain-x86_64/lib/gcc/x86_64-w64-mingw32/12.2.0/../../../../x86_64-w64-mingw32/include/c++/12.2.0
 /opt/homebrew/Cellar/mingw-w64/10.0.0_3/toolchain-x86_64/lib/gcc/x86_64-w64-mingw32/12.2.0/../../../../x86_64-w64-mingw32/include/c++/12.2.0/x86_64-w64-mingw32
 /opt/homebrew/Cellar/mingw-w64/10.0.0_3/toolchain-x86_64/lib/gcc/x86_64-w64-mingw32/12.2.0/../../../../x86_64-w64-mingw32/include/c++/12.2.0/backward
 /opt/homebrew/Cellar/mingw-w64/10.0.0_3/toolchain-x86_64/lib/gcc/x86_64-w64-mingw32/12.2.0/include
 /opt/homebrew/Cellar/mingw-w64/10.0.0_3/toolchain-x86_64/lib/gcc/x86_64-w64-mingw32/12.2.0/include-fixed
 /opt/homebrew/Cellar/mingw-w64/10.0.0_3/toolchain-x86_64/lib/gcc/x86_64-w64-mingw32/12.2.0/../../../../x86_64-w64-mingw32/include
End of search list.
GNU C++17 (GCC) version 12.2.0 (x86_64-w64-mingw32)
	compiled by GNU C version Apple LLVM 13.1.6 (clang-1316.0.21.2.5), GMP version 6.2.1, MPFR version 4.1.0, MPC version 1.2.1, isl version isl-0.25-GMP

GGC heuristics: --param ggc-min-expand=100 --param ggc-min-heapsize=131072
Compiler executable checksum: 943e9f6d37fd75a68aa38d46236a1694
COLLECT_GCC_OPTIONS='-v' '-o' 'CMakeFiles/cmTC_e89e4.dir/CMakeCXXCompilerABI.cpp.obj' '-c' '-shared-libgcc' '-mtune=generic' '-march=x86-64' '-dumpdir' 'CMakeFiles/cmTC_e89e4.dir/'
 /opt/homebrew/Cellar/mingw-w64/10.0.0_3/toolchain-x86_64/bin/x86_64-w64-mingw32-as -v -o CMakeFiles/cmTC_e89e4.dir/CMakeCXXCompilerABI.cpp.obj /var/folders/7n/8q9hy8d96cj34whp68fj32700000gn/T//ccl1pOFE.s
GNU assembler version 2.39 (x86_64-w64-mingw32) using BFD version (GNU Binutils) 2.39
COMPILER_PATH=/opt/homebrew/Cellar/mingw-w64/10.0.0_3/toolchain-x86_64/libexec/gcc/x86_64-w64-mingw32/12.2.0/:/opt/homebrew/Cellar/mingw-w64/10.0.0_3/toolchain-x86_64/libexec/gcc/x86_64-w64-mingw32/12.2.0/:/opt/homebrew/Cellar/mingw-w64/10.0.0_3/toolchain-x86_64/libexec/gcc/x86_64-w64-mingw32/:/opt/homebrew/Cellar/mingw-w64/10.0.0_3/toolchain-x86_64/lib/gcc/x86_64-w64-mingw32/12.2.0/:/opt/homebrew/Cellar/mingw-w64/10.0.0_3/toolchain-x86_64/lib/gcc/x86_64-w64-mingw32/:/opt/homebrew/Cellar/mingw-w64/10.0.0_3/toolchain-x86_64/lib/gcc/x86_64-w64-mingw32/12.2.0/../../../../x86_64-w64-mingw32/bin/
LIBRARY_PATH=/opt/homebrew/Cellar/mingw-w64/10.0.0_3/toolchain-x86_64/lib/gcc/x86_64-w64-mingw32/12.2.0/:/opt/homebrew/Cellar/mingw-w64/10.0.0_3/toolchain-x86_64/lib/gcc/x86_64-w64-mingw32/12.2.0/../../../../x86_64-w64-mingw32/lib/../lib/:/opt/homebrew/Cellar/mingw-w64/10.0.0_3/toolchain-x86_64/mingw/lib/../lib/:/opt/homebrew/Cellar/mingw-w64/10.0.0_3/toolchain-x86_64/lib/gcc/x86_64-w64-mingw32/12.2.0/../../../../x86_64-w64-mingw32/lib/:/opt/homebrew/Cellar/mingw-w64/10.0.0_3/toolchain-x86_64/mingw/lib/
COLLECT_GCC_OPTIONS='-v' '-o' 'CMakeFiles/cmTC_e89e4.dir/CMakeCXXCompilerABI.cpp.obj' '-c' '-shared-libgcc' '-mtune=generic' '-march=x86-64' '-dumpdir' 'CMakeFiles/cmTC_e89e4.dir/CMakeCXXCompilerABI.cpp.'
Linking CXX executable cmTC_e89e4.exe
/opt/homebrew/Cellar/cmake/3.24.3/bin/cmake -E cmake_link_script CMakeFiles/cmTC_e89e4.dir/link.txt --verbose=1
/opt/homebrew/Cellar/cmake/3.24.3/bin/cmake -E rm -f CMakeFiles/cmTC_e89e4.dir/objects.a
/opt/homebrew/bin/x86_64-w64-mingw32-ar qc CMakeFiles/cmTC_e89e4.dir/objects.a @CMakeFiles/cmTC_e89e4.dir/objects1.rsp
/opt/homebrew/bin/x86_64-w64-mingw32-g++ -static-libstdc++ -static-libgcc -static -lpthread -v -Wl,--whole-archive CMakeFiles/cmTC_e89e4.dir/objects.a -Wl,--no-whole-archive -o cmTC_e89e4.exe -Wl,--out-implib,libcmTC_e89e4.dll.a -Wl,--major-image-version,0,--minor-image-version,0 
Using built-in specs.
COLLECT_GCC=/opt/homebrew/bin/x86_64-w64-mingw32-g++
COLLECT_LTO_WRAPPER=/opt/homebrew/Cellar/mingw-w64/10.0.0_3/toolchain-x86_64/libexec/gcc/x86_64-w64-mingw32/12.2.0/lto-wrapper
Target: x86_64-w64-mingw32
Configured with: ../configure --target=x86_64-w64-mingw32 --with-sysroot=/opt/homebrew/Cellar/mingw-w64/10.0.0_3/toolchain-x86_64 --prefix=/opt/homebrew/Cellar/mingw-w64/10.0.0_3/toolchain-x86_64 --with-bugurl=https://github.com/Homebrew/homebrew-core/issues --enable-languages=c,c++,fortran --with-ld=/opt/homebrew/Cellar/mingw-w64/10.0.0_3/toolchain-x86_64/bin/x86_64-w64-mingw32-ld --with-as=/opt/homebrew/Cellar/mingw-w64/10.0.0_3/toolchain-x86_64/bin/x86_64-w64-mingw32-as --with-gmp=/opt/homebrew/opt/gmp --with-mpfr=/opt/homebrew/opt/mpfr --with-mpc=/opt/homebrew/opt/libmpc --with-isl=/opt/homebrew/opt/isl --with-zstd=no --disable-multilib --disable-nls --enable-threads=posix
Thread model: posix
Supported LTO compression algorithms: zlib
gcc version 12.2.0 (GCC) 
COMPILER_PATH=/opt/homebrew/Cellar/mingw-w64/10.0.0_3/toolchain-x86_64/libexec/gcc/x86_64-w64-mingw32/12.2.0/:/opt/homebrew/Cellar/mingw-w64/10.0.0_3/toolchain-x86_64/libexec/gcc/x86_64-w64-mingw32/12.2.0/:/opt/homebrew/Cellar/mingw-w64/10.0.0_3/toolchain-x86_64/libexec/gcc/x86_64-w64-mingw32/:/opt/homebrew/Cellar/mingw-w64/10.0.0_3/toolchain-x86_64/lib/gcc/x86_64-w64-mingw32/12.2.0/:/opt/homebrew/Cellar/mingw-w64/10.0.0_3/toolchain-x86_64/lib/gcc/x86_64-w64-mingw32/:/opt/homebrew/Cellar/mingw-w64/10.0.0_3/toolchain-x86_64/lib/gcc/x86_64-w64-mingw32/12.2.0/../../../../x86_64-w64-mingw32/bin/
LIBRARY_PATH=/opt/homebrew/Cellar/mingw-w64/10.0.0_3/toolchain-x86_64/lib/gcc/x86_64-w64-mingw32/12.2.0/:/opt/homebrew/Cellar/mingw-w64/10.0.0_3/toolchain-x86_64/lib/gcc/x86_64-w64-mingw32/12.2.0/../../../../x86_64-w64-mingw32/lib/../lib/:/opt/homebrew/Cellar/mingw-w64/10.0.0_3/toolchain-x86_64/mingw/lib/../lib/:/opt/homebrew/Cellar/mingw-w64/10.0.0_3/toolchain-x86_64/lib/gcc/x86_64-w64-mingw32/12.2.0/../../../../x86_64-w64-mingw32/lib/:/opt/homebrew/Cellar/mingw-w64/10.0.0_3/toolchain-x86_64/mingw/lib/
COLLECT_GCC_OPTIONS='-static-libgcc' '-static' '-v' '-o' 'cmTC_e89e4.exe' '-mtune=generic' '-march=x86-64' '-dumpdir' 'cmTC_e89e4.'
 /opt/homebrew/Cellar/mingw-w64/10.0.0_3/toolchain-x86_64/libexec/gcc/x86_64-w64-mingw32/12.2.0/collect2 -plugin /opt/homebrew/Cellar/mingw-w64/10.0.0_3/toolchain-x86_64/libexec/gcc/x86_64-w64-mingw32/12.2.0/liblto_plugin.so -plugin-opt=/opt/homebrew/Cellar/mingw-w64/10.0.0_3/toolchain-x86_64/libexec/gcc/x86_64-w64-mingw32/12.2.0/lto-wrapper -plugin-opt=-fresolution=/var/folders/7n/8q9hy8d96cj34whp68fj32700000gn/T//cc09qnea.res -plugin-opt=-pass-through=-lmingw32 -plugin-opt=-pass-through=-lgcc -plugin-opt=-pass-through=-lgcc_eh -plugin-opt=-pass-through=-lmoldname -plugin-opt=-pass-through=-lmingwex -plugin-opt=-pass-through=-lmsvcrt -plugin-opt=-pass-through=-lkernel32 -plugin-opt=-pass-through=-lpthread -plugin-opt=-pass-through=-ladvapi32 -plugin-opt=-pass-through=-lshell32 -plugin-opt=-pass-through=-luser32 -plugin-opt=-pass-through=-lkernel32 -plugin-opt=-pass-through=-lmingw32 -plugin-opt=-pass-through=-lgcc -plugin-opt=-pass-through=-lgcc_eh -plugin-opt=-pass-through=-lmoldname -plugin-opt=-pass-through=-lmingwex -plugin-opt=-pass-through=-lmsvcrt -plugin-opt=-pass-through=-lkernel32 --sysroot=/opt/homebrew/Cellar/mingw-w64/10.0.0_3/toolchain-x86_64 -m i386pep -Bstatic -o cmTC_e89e4.exe /opt/homebrew/Cellar/mingw-w64/10.0.0_3/toolchain-x86_64/lib/gcc/x86_64-w64-mingw32/12.2.0/../../../../x86_64-w64-mingw32/lib/../lib/crt2.o /opt/homebrew/Cellar/mingw-w64/10.0.0_3/toolchain-x86_64/lib/gcc/x86_64-w64-mingw32/12.2.0/crtbegin.o -L/opt/homebrew/Cellar/mingw-w64/10.0.0_3/toolchain-x86_64/lib/gcc/x86_64-w64-mingw32/12.2.0 -L/opt/homebrew/Cellar/mingw-w64/10.0.0_3/toolchain-x86_64/lib/gcc/x86_64-w64-mingw32/12.2.0/../../../../x86_64-w64-mingw32/lib/../lib -L/opt/homebrew/Cellar/mingw-w64/10.0.0_3/toolchain-x86_64/mingw/lib/../lib -L/opt/homebrew/Cellar/mingw-w64/10.0.0_3/toolchain-x86_64/lib/gcc/x86_64-w64-mingw32/12.2.0/../../../../x86_64-w64-mingw32/lib -L/opt/homebrew/Cellar/mingw-w64/10.0.0_3/toolchain-x86_64/mingw/lib -lpthread --whole-archive CMakeFiles/cmTC_e89e4.dir/objects.a --no-whole-archive --out-implib libcmTC_e89e4.dll.a --major-image-version 0 --minor-image-version 0 -lstdc++ -lmingw32 -lgcc -lgcc_eh -lmoldname -lmingwex -lmsvcrt -lkernel32 -lpthread -ladvapi32 -lshell32 -luser32 -lkernel32 -lmingw32 -lgcc -lgcc_eh -lmoldname -lmingwex -lmsvcrt -lkernel32 /opt/homebrew/Cellar/mingw-w64/10.0.0_3/toolchain-x86_64/lib/gcc/x86_64-w64-mingw32/12.2.0/crtend.o
COLLECT_GCC_OPTIONS='-static-libgcc' '-static' '-v' '-o' 'cmTC_e89e4.exe' '-mtune=generic' '-march=x86-64' '-dumpdir' 'cmTC_e89e4.'



Parsed CXX implicit include dir info from above output: rv=done
  found start of include info
  found start of implicit include info
    add: [/opt/homebrew/Cellar/mingw-w64/10.0.0_3/toolchain-x86_64/lib/gcc/x86_64-w64-mingw32/12.2.0/../../../../x86_64-w64-mingw32/include/c++/12.2.0]
    add: [/opt/homebrew/Cellar/mingw-w64/10.0.0_3/toolchain-x86_64/lib/gcc/x86_64-w64-mingw32/12.2.0/../../../../x86_64-w64-mingw32/include/c++/12.2.0/x86_64-w64-mingw32]
    add: [/opt/homebrew/Cellar/mingw-w64/10.0.0_3/toolchain-x86_64/lib/gcc/x86_64-w64-mingw32/12.2.0/../../../../x86_64-w64-mingw32/include/c++/12.2.0/backward]
    add: [/opt/homebrew/Cellar/mingw-w64/10.0.0_3/toolchain-x86_64/lib/gcc/x86_64-w64-mingw32/12.2.0/include]
    add: [/opt/homebrew/Cellar/mingw-w64/10.0.0_3/toolchain-x86_64/lib/gcc/x86_64-w64-mingw32/12.2.0/include-fixed]
    add: [/opt/homebrew/Cellar/mingw-w64/10.0.0_3/toolchain-x86_64/lib/gcc/x86_64-w64-mingw32/12.2.0/../../../../x86_64-w64-mingw32/include]
  end of search list found
  collapse include dir [/opt/homebrew/Cellar/mingw-w64/10.0.0_3/toolchain-x86_64/lib/gcc/x86_64-w64-mingw32/12.2.0/../../../../x86_64-w64-mingw32/include/c++/12.2.0] ==> [/opt/homebrew/Cellar/mingw-w64/10.0.0_3/toolchain-x86_64/x86_64-w64-mingw32/include/c++/12.2.0]
  collapse include dir [/opt/homebrew/Cellar/mingw-w64/10.0.0_3/toolchain-x86_64/lib/gcc/x86_64-w64-mingw32/12.2.0/../../../../x86_64-w64-mingw32/include/c++/12.2.0/x86_64-w64-mingw32] ==> [/opt/homebrew/Cellar/mingw-w64/10.0.0_3/toolchain-x86_64/x86_64-w64-mingw32/include/c++/12.2.0/x86_64-w64-mingw32]
  collapse include dir [/opt/homebrew/Cellar/mingw-w64/10.0.0_3/toolchain-x86_64/lib/gcc/x86_64-w64-mingw32/12.2.0/../../../../x86_64-w64-mingw32/include/c++/12.2.0/backward] ==> [/opt/homebrew/Cellar/mingw-w64/10.0.0_3/toolchain-x86_64/x86_64-w64-mingw32/include/c++/12.2.0/backward]
  collapse include dir [/opt/homebrew/Cellar/mingw-w64/10.0.0_3/toolchain-x86_64/lib/gcc/x86_64-w64-mingw32/12.2.0/include] ==> [/opt/homebrew/Cellar/mingw-w64/10.0.0_3/toolchain-x86_64/lib/gcc/x86_64-w64-mingw32/12.2.0/include]
  collapse include dir [/opt/homebrew/Cellar/mingw-w64/10.0.0_3/toolchain-x86_64/lib/gcc/x86_64-w64-mingw32/12.2.0/include-fixed] ==> [/opt/homebrew/Cellar/mingw-w64/10.0.0_3/toolchain-x86_64/lib/gcc/x86_64-w64-mingw32/12.2.0/include-fixed]
  collapse include dir [/opt/homebrew/Cellar/mingw-w64/10.0.0_3/toolchain-x86_64/lib/gcc/x86_64-w64-mingw32/12.2.0/../../../../x86_64-w64-mingw32/include] ==> [/opt/homebrew/Cellar/mingw-w64/10.0.0_3/toolchain-x86_64/x86_64-w64-mingw32/include]
  implicit include dirs: [/opt/homebrew/Cellar/mingw-w64/10.0.0_3/toolchain-x86_64/x86_64-w64-mingw32/include/c++/12.2.0;/opt/homebrew/Cellar/mingw-w64/10.0.0_3/toolchain-x86_64/x86_64-w64-mingw32/include/c++/12.2.0/x86_64-w64-mingw32;/opt/homebrew/Cellar/mingw-w64/10.0.0_3/toolchain-x86_64/x86_64-w64-mingw32/include/c++/12.2.0/backward;/opt/homebrew/Cellar/mingw-w64/10.0.0_3/toolchain-x86_64/lib/gcc/x86_64-w64-mingw32/12.2.0/include;/opt/homebrew/Cellar/mingw-w64/10.0.0_3/toolchain-x86_64/lib/gcc/x86_64-w64-mingw32/12.2.0/include-fixed;/opt/homebrew/Cellar/mingw-w64/10.0.0_3/toolchain-x86_64/x86_64-w64-mingw32/include]


Parsed CXX implicit link information from above output:
  link line regex: [^( *|.*[/\])(x86_64-w64-mingw32-ld|CMAKE_LINK_STARTFILE-NOTFOUND|([^/\]+-)?ld|collect2)[^/\]*( |$)]
  ignore line: [Change Dir: /Users/kevindavis/Documents/Computer-Projects/C++-Projects/abmbci/build/CMakeFiles/CMakeTmp]
  ignore line: []
  ignore line: [Run Build Command(s):/usr/bin/make -f Makefile cmTC_e89e4/fast && /Applications/Xcode.app/Contents/Developer/usr/bin/make  -f CMakeFiles/cmTC_e89e4.dir/build.make CMakeFiles/cmTC_e89e4.dir/build]
  ignore line: [Building CXX object CMakeFiles/cmTC_e89e4.dir/CMakeCXXCompilerABI.cpp.obj]
  ignore line: [/opt/homebrew/bin/x86_64-w64-mingw32-g++   -v -o CMakeFiles/cmTC_e89e4.dir/CMakeCXXCompilerABI.cpp.obj -c /opt/homebrew/Cellar/cmake/3.24.3/share/cmake/Modules/CMakeCXXCompilerABI.cpp]
  ignore line: [Using built-in specs.]
  ignore line: [COLLECT_GCC=/opt/homebrew/bin/x86_64-w64-mingw32-g++]
  ignore line: [Target: x86_64-w64-mingw32]
  ignore line: [Configured with: ../configure --target=x86_64-w64-mingw32 --with-sysroot=/opt/homebrew/Cellar/mingw-w64/10.0.0_3/toolchain-x86_64 --prefix=/opt/homebrew/Cellar/mingw-w64/10.0.0_3/toolchain-x86_64 --with-bugurl=https://github.com/Homebrew/homebrew-core/issues --enable-languages=c,c++,fortran --with-ld=/opt/homebrew/Cellar/mingw-w64/10.0.0_3/toolchain-x86_64/bin/x86_64-w64-mingw32-ld --with-as=/opt/homebrew/Cellar/mingw-w64/10.0.0_3/toolchain-x86_64/bin/x86_64-w64-mingw32-as --with-gmp=/opt/homebrew/opt/gmp --with-mpfr=/opt/homebrew/opt/mpfr --with-mpc=/opt/homebrew/opt/libmpc --with-isl=/opt/homebrew/opt/isl --with-zstd=no --disable-multilib --disable-nls --enable-threads=posix]
  ignore line: [Thread model: posix]
  ignore line: [Supported LTO compression algorithms: zlib]
  ignore line: [gcc version 12.2.0 (GCC) ]
  ignore line: [COLLECT_GCC_OPTIONS='-v' '-o' 'CMakeFiles/cmTC_e89e4.dir/CMakeCXXCompilerABI.cpp.obj' '-c' '-shared-libgcc' '-mtune=generic' '-march=x86-64' '-dumpdir' 'CMakeFiles/cmTC_e89e4.dir/']
  ignore line: [ /opt/homebrew/Cellar/mingw-w64/10.0.0_3/toolchain-x86_64/libexec/gcc/x86_64-w64-mingw32/12.2.0/cc1plus -quiet -v -D_REENTRANT /opt/homebrew/Cellar/cmake/3.24.3/share/cmake/Modules/CMakeCXXCompilerABI.cpp -quiet -dumpdir CMakeFiles/cmTC_e89e4.dir/ -dumpbase CMakeCXXCompilerABI.cpp.cpp -dumpbase-ext .cpp -mtune=generic -march=x86-64 -version -o /var/folders/7n/8q9hy8d96cj34whp68fj32700000gn/T//ccl1pOFE.s]
  ignore line: [GNU C++17 (GCC) version 12.2.0 (x86_64-w64-mingw32)]
  ignore line: [	compiled by GNU C version Apple LLVM 13.1.6 (clang-1316.0.21.2.5)  GMP version 6.2.1  MPFR version 4.1.0  MPC version 1.2.1  isl version isl-0.25-GMP]
  ignore line: []
  ignore line: [GGC heuristics: --param ggc-min-expand=100 --param ggc-min-heapsize=131072]
  ignore line: [ignoring nonexistent directory "/opt/homebrew/Cellar/mingw-w64/10.0.0_3/toolchain-x86_64/usr/local/include"]
  ignore line: [ignoring duplicate directory "/opt/homebrew/Cellar/mingw-w64/10.0.0_3/toolchain-x86_64/mingw/include"]
  ignore line: [#include "..." search starts here:]
  ignore line: [#include <...> search starts here:]
  ignore line: [ /opt/homebrew/Cellar/mingw-w64/10.0.0_3/toolchain-x86_64/lib/gcc/x86_64-w64-mingw32/12.2.0/../../../../x86_64-w64-mingw32/include/c++/12.2.0]
  ignore line: [ /opt/homebrew/Cellar/mingw-w64/10.0.0_3/toolchain-x86_64/lib/gcc/x86_64-w64-mingw32/12.2.0/../../../../x86_64-w64-mingw32/include/c++/12.2.0/x86_64-w64-mingw32]
  ignore line: [ /opt/homebrew/Cellar/mingw-w64/10.0.0_3/toolchain-x86_64/lib/gcc/x86_64-w64-mingw32/12.2.0/../../../../x86_64-w64-mingw32/include/c++/12.2.0/backward]
  ignore line: [ /opt/homebrew/Cellar/mingw-w64/10.0.0_3/toolchain-x86_64/lib/gcc/x86_64-w64-mingw32/12.2.0/include]
  ignore line: [ /opt/homebrew/Cellar/mingw-w64/10.0.0_3/toolchain-x86_64/lib/gcc/x86_64-w64-mingw32/12.2.0/include-fixed]
  ignore line: [ /opt/homebrew/Cellar/mingw-w64/10.0.0_3/toolchain-x86_64/lib/gcc/x86_64-w64-mingw32/12.2.0/../../../../x86_64-w64-mingw32/include]
  ignore line: [End of search list.]
  ignore line: [GNU C++17 (GCC) version 12.2.0 (x86_64-w64-mingw32)]
  ignore line: [	compiled by GNU C version Apple LLVM 13.1.6 (clang-1316.0.21.2.5)  GMP version 6.2.1  MPFR version 4.1.0  MPC version 1.2.1  isl version isl-0.25-GMP]
  ignore line: []
  ignore line: [GGC heuristics: --param ggc-min-expand=100 --param ggc-min-heapsize=131072]
  ignore line: [Compiler executable checksum: 943e9f6d37fd75a68aa38d46236a1694]
  ignore line: [COLLECT_GCC_OPTIONS='-v' '-o' 'CMakeFiles/cmTC_e89e4.dir/CMakeCXXCompilerABI.cpp.obj' '-c' '-shared-libgcc' '-mtune=generic' '-march=x86-64' '-dumpdir' 'CMakeFiles/cmTC_e89e4.dir/']
  ignore line: [ /opt/homebrew/Cellar/mingw-w64/10.0.0_3/toolchain-x86_64/bin/x86_64-w64-mingw32-as -v -o CMakeFiles/cmTC_e89e4.dir/CMakeCXXCompilerABI.cpp.obj /var/folders/7n/8q9hy8d96cj34whp68fj32700000gn/T//ccl1pOFE.s]
  ignore line: [GNU assembler version 2.39 (x86_64-w64-mingw32) using BFD version (GNU Binutils) 2.39]
  ignore line: [COMPILER_PATH=/opt/homebrew/Cellar/mingw-w64/10.0.0_3/toolchain-x86_64/libexec/gcc/x86_64-w64-mingw32/12.2.0/:/opt/homebrew/Cellar/mingw-w64/10.0.0_3/toolchain-x86_64/libexec/gcc/x86_64-w64-mingw32/12.2.0/:/opt/homebrew/Cellar/mingw-w64/10.0.0_3/toolchain-x86_64/libexec/gcc/x86_64-w64-mingw32/:/opt/homebrew/Cellar/mingw-w64/10.0.0_3/toolchain-x86_64/lib/gcc/x86_64-w64-mingw32/12.2.0/:/opt/homebrew/Cellar/mingw-w64/10.0.0_3/toolchain-x86_64/lib/gcc/x86_64-w64-mingw32/:/opt/homebrew/Cellar/mingw-w64/10.0.0_3/toolchain-x86_64/lib/gcc/x86_64-w64-mingw32/12.2.0/../../../../x86_64-w64-mingw32/bin/]
  ignore line: [LIBRARY_PATH=/opt/homebrew/Cellar/mingw-w64/10.0.0_3/toolchain-x86_64/lib/gcc/x86_64-w64-mingw32/12.2.0/:/opt/homebrew/Cellar/mingw-w64/10.0.0_3/toolchain-x86_64/lib/gcc/x86_64-w64-mingw32/12.2.0/../../../../x86_64-w64-mingw32/lib/../lib/:/opt/homebrew/Cellar/mingw-w64/10.0.0_3/toolchain-x86_64/mingw/lib/../lib/:/opt/homebrew/Cellar/mingw-w64/10.0.0_3/toolchain-x86_64/lib/gcc/x86_64-w64-mingw32/12.2.0/../../../../x86_64-w64-mingw32/lib/:/opt/homebrew/Cellar/mingw-w64/10.0.0_3/toolchain-x86_64/mingw/lib/]
  ignore line: [COLLECT_GCC_OPTIONS='-v' '-o' 'CMakeFiles/cmTC_e89e4.dir/CMakeCXXCompilerABI.cpp.obj' '-c' '-shared-libgcc' '-mtune=generic' '-march=x86-64' '-dumpdir' 'CMakeFiles/cmTC_e89e4.dir/CMakeCXXCompilerABI.cpp.']
  ignore line: [Linking CXX executable cmTC_e89e4.exe]
  ignore line: [/opt/homebrew/Cellar/cmake/3.24.3/bin/cmake -E cmake_link_script CMakeFiles/cmTC_e89e4.dir/link.txt --verbose=1]
  ignore line: [/opt/homebrew/Cellar/cmake/3.24.3/bin/cmake -E rm -f CMakeFiles/cmTC_e89e4.dir/objects.a]
  ignore line: [/opt/homebrew/bin/x86_64-w64-mingw32-ar qc CMakeFiles/cmTC_e89e4.dir/objects.a @CMakeFiles/cmTC_e89e4.dir/objects1.rsp]
  ignore line: [/opt/homebrew/bin/x86_64-w64-mingw32-g++ -static-libstdc++ -static-libgcc -static -lpthread -v -Wl --whole-archive CMakeFiles/cmTC_e89e4.dir/objects.a -Wl --no-whole-archive -o cmTC_e89e4.exe -Wl --out-implib libcmTC_e89e4.dll.a -Wl --major-image-version 0 --minor-image-version 0 ]
  ignore line: [Using built-in specs.]
  ignore line: [COLLECT_GCC=/opt/homebrew/bin/x86_64-w64-mingw32-g++]
  ignore line: [COLLECT_LTO_WRAPPER=/opt/homebrew/Cellar/mingw-w64/10.0.0_3/toolchain-x86_64/libexec/gcc/x86_64-w64-mingw32/12.2.0/lto-wrapper]
  ignore line: [Target: x86_64-w64-mingw32]
  ignore line: [Configured with: ../configure --target=x86_64-w64-mingw32 --with-sysroot=/opt/homebrew/Cellar/mingw-w64/10.0.0_3/toolchain-x86_64 --prefix=/opt/homebrew/Cellar/mingw-w64/10.0.0_3/toolchain-x86_64 --with-bugurl=https://github.com/Homebrew/homebrew-core/issues --enable-languages=c,c++,fortran --with-ld=/opt/homebrew/Cellar/mingw-w64/10.0.0_3/toolchain-x86_64/bin/x86_64-w64-mingw32-ld --with-as=/opt/homebrew/Cellar/mingw-w64/10.0.0_3/toolchain-x86_64/bin/x86_64-w64-mingw32-as --with-gmp=/opt/homebrew/opt/gmp --with-mpfr=/opt/homebrew/opt/mpfr --with-mpc=/opt/homebrew/opt/libmpc --with-isl=/opt/homebrew/opt/isl --with-zstd=no --disable-multilib --disable-nls --enable-threads=posix]
  ignore line: [Thread model: posix]
  ignore line: [Supported LTO compression algorithms: zlib]
  ignore line: [gcc version 12.2.0 (GCC) ]
  ignore line: [COMPILER_PATH=/opt/homebrew/Cellar/mingw-w64/10.0.0_3/toolchain-x86_64/libexec/gcc/x86_64-w64-mingw32/12.2.0/:/opt/homebrew/Cellar/mingw-w64/10.0.0_3/toolchain-x86_64/libexec/gcc/x86_64-w64-mingw32/12.2.0/:/opt/homebrew/Cellar/mingw-w64/10.0.0_3/toolchain-x86_64/libexec/gcc/x86_64-w64-mingw32/:/opt/homebrew/Cellar/mingw-w64/10.0.0_3/toolchain-x86_64/lib/gcc/x86_64-w64-mingw32/12.2.0/:/opt/homebrew/Cellar/mingw-w64/10.0.0_3/toolchain-x86_64/lib/gcc/x86_64-w64-mingw32/:/opt/homebrew/Cellar/mingw-w64/10.0.0_3/toolchain-x86_64/lib/gcc/x86_64-w64-mingw32/12.2.0/../../../../x86_64-w64-mingw32/bin/]
  ignore line: [LIBRARY_PATH=/opt/homebrew/Cellar/mingw-w64/10.0.0_3/toolchain-x86_64/lib/gcc/x86_64-w64-mingw32/12.2.0/:/opt/homebrew/Cellar/mingw-w64/10.0.0_3/toolchain-x86_64/lib/gcc/x86_64-w64-mingw32/12.2.0/../../../../x86_64-w64-mingw32/lib/../lib/:/opt/homebrew/Cellar/mingw-w64/10.0.0_3/toolchain-x86_64/mingw/lib/../lib/:/opt/homebrew/Cellar/mingw-w64/10.0.0_3/toolchain-x86_64/lib/gcc/x86_64-w64-mingw32/12.2.0/../../../../x86_64-w64-mingw32/lib/:/opt/homebrew/Cellar/mingw-w64/10.0.0_3/toolchain-x86_64/mingw/lib/]
  ignore line: [COLLECT_GCC_OPTIONS='-static-libgcc' '-static' '-v' '-o' 'cmTC_e89e4.exe' '-mtune=generic' '-march=x86-64' '-dumpdir' 'cmTC_e89e4.']
  link line: [ /opt/homebrew/Cellar/mingw-w64/10.0.0_3/toolchain-x86_64/libexec/gcc/x86_64-w64-mingw32/12.2.0/collect2 -plugin /opt/homebrew/Cellar/mingw-w64/10.0.0_3/toolchain-x86_64/libexec/gcc/x86_64-w64-mingw32/12.2.0/liblto_plugin.so -plugin-opt=/opt/homebrew/Cellar/mingw-w64/10.0.0_3/toolchain-x86_64/libexec/gcc/x86_64-w64-mingw32/12.2.0/lto-wrapper -plugin-opt=-fresolution=/var/folders/7n/8q9hy8d96cj34whp68fj32700000gn/T//cc09qnea.res -plugin-opt=-pass-through=-lmingw32 -plugin-opt=-pass-through=-lgcc -plugin-opt=-pass-through=-lgcc_eh -plugin-opt=-pass-through=-lmoldname -plugin-opt=-pass-through=-lmingwex -plugin-opt=-pass-through=-lmsvcrt -plugin-opt=-pass-through=-lkernel32 -plugin-opt=-pass-through=-lpthread -plugin-opt=-pass-through=-ladvapi32 -plugin-opt=-pass-through=-lshell32 -plugin-opt=-pass-through=-luser32 -plugin-opt=-pass-through=-lkernel32 -plugin-opt=-pass-through=-lmingw32 -plugin-opt=-pass-through=-lgcc -plugin-opt=-pass-through=-lgcc_eh -plugin-opt=-pass-through=-lmoldname -plugin-opt=-pass-through=-lmingwex -plugin-opt=-pass-through=-lmsvcrt -plugin-opt=-pass-through=-lkernel32 --sysroot=/opt/homebrew/Cellar/mingw-w64/10.0.0_3/toolchain-x86_64 -m i386pep -Bstatic -o cmTC_e89e4.exe /opt/homebrew/Cellar/mingw-w64/10.0.0_3/toolchain-x86_64/lib/gcc/x86_64-w64-mingw32/12.2.0/../../../../x86_64-w64-mingw32/lib/../lib/crt2.o /opt/homebrew/Cellar/mingw-w64/10.0.0_3/toolchain-x86_64/lib/gcc/x86_64-w64-mingw32/12.2.0/crtbegin.o -L/opt/homebrew/Cellar/mingw-w64/10.0.0_3/toolchain-x86_64/lib/gcc/x86_64-w64-mingw32/12.2.0 -L/opt/homebrew/Cellar/mingw-w64/10.0.0_3/toolchain-x86_64/lib/gcc/x86_64-w64-mingw32/12.2.0/../../../../x86_64-w64-mingw32/lib/../lib -L/opt/homebrew/Cellar/mingw-w64/10.0.0_3/toolchain-x86_64/mingw/lib/../lib -L/opt/homebrew/Cellar/mingw-w64/10.0.0_3/toolchain-x86_64/lib/gcc/x86_64-w64-mingw32/12.2.0/../../../../x86_64-w64-mingw32/lib -L/opt/homebrew/Cellar/mingw-w64/10.0.0_3/toolchain-x86_64/mingw/lib -lpthread --whole-archive CMakeFiles/cmTC_e89e4.dir/objects.a --no-whole-archive --out-implib libcmTC_e89e4.dll.a --major-image-version 0 --minor-image-version 0 -lstdc++ -lmingw32 -lgcc -lgcc_eh -lmoldname -lmingwex -lmsvcrt -lkernel32 -lpthread -ladvapi32 -lshell32 -luser32 -lkernel32 -lmingw32 -lgcc -lgcc_eh -lmoldname -lmingwex -lmsvcrt -lkernel32 /opt/homebrew/Cellar/mingw-w64/10.0.0_3/toolchain-x86_64/lib/gcc/x86_64-w64-mingw32/12.2.0/crtend.o]
    arg [/opt/homebrew/Cellar/mingw-w64/10.0.0_3/toolchain-x86_64/libexec/gcc/x86_64-w64-mingw32/12.2.0/collect2] ==> ignore
    arg [-plugin] ==> ignore
    arg [/opt/homebrew/Cellar/mingw-w64/10.0.0_3/toolchain-x86_64/libexec/gcc/x86_64-w64-mingw32/12.2.0/liblto_plugin.so] ==> ignore
    arg [-plugin-opt=/opt/homebrew/Cellar/mingw-w64/10.0.0_3/toolchain-x86_64/libexec/gcc/x86_64-w64-mingw32/12.2.0/lto-wrapper] ==> ignore
    arg [-plugin-opt=-fresolution=/var/folders/7n/8q9hy8d96cj34whp68fj32700000gn/T//cc09qnea.res] ==> ignore
    arg [-plugin-opt=-pass-through=-lmingw32] ==> ignore
    arg [-plugin-opt=-pass-through=-lgcc] ==> ignore
    arg [-plugin-opt=-pass-through=-lgcc_eh] ==> ignore
    arg [-plugin-opt=-pass-through=-lmoldname] ==> ignore
    arg [-plugin-opt=-pass-through=-lmingwex] ==> ignore
    arg [-plugin-opt=-pass-through=-lmsvcrt] ==> ignore
    arg [-plugin-opt=-pass-through=-lkernel32] ==> ignore
    arg [-plugin-opt=-pass-through=-lpthread] ==> ignore
    arg [-plugin-opt=-pass-through=-ladvapi32] ==> ignore
    arg [-plugin-opt=-pass-through=-lshell32] ==> ignore
    arg [-plugin-opt=-pass-through=-luser32] ==> ignore
    arg [-plugin-opt=-pass-through=-lkernel32] ==> ignore
    arg [-plugin-opt=-pass-through=-lmingw32] ==> ignore
    arg [-plugin-opt=-pass-through=-lgcc] ==> ignore
    arg [-plugin-opt=-pass-through=-lgcc_eh] ==> ignore
    arg [-plugin-opt=-pass-through=-lmoldname] ==> ignore
    arg [-plugin-opt=-pass-through=-lmingwex] ==> ignore
    arg [-plugin-opt=-pass-through=-lmsvcrt] ==> ignore
    arg [-plugin-opt=-pass-through=-lkernel32] ==> ignore
    arg [--sysroot=/opt/homebrew/Cellar/mingw-w64/10.0.0_3/toolchain-x86_64] ==> ignore
    arg [-m] ==> ignore
    arg [i386pep] ==> ignore
    arg [-Bstatic] ==> search static
    arg [-o] ==> ignore
    arg [cmTC_e89e4.exe] ==> ignore
    arg [/opt/homebrew/Cellar/mingw-w64/10.0.0_3/toolchain-x86_64/lib/gcc/x86_64-w64-mingw32/12.2.0/../../../../x86_64-w64-mingw32/lib/../lib/crt2.o] ==> obj [/opt/homebrew/Cellar/mingw-w64/10.0.0_3/toolchain-x86_64/lib/gcc/x86_64-w64-mingw32/12.2.0/../../../../x86_64-w64-mingw32/lib/../lib/crt2.o]
    arg [/opt/homebrew/Cellar/mingw-w64/10.0.0_3/toolchain-x86_64/lib/gcc/x86_64-w64-mingw32/12.2.0/crtbegin.o] ==> obj [/opt/homebrew/Cellar/mingw-w64/10.0.0_3/toolchain-x86_64/lib/gcc/x86_64-w64-mingw32/12.2.0/crtbegin.o]
    arg [-L/opt/homebrew/Cellar/mingw-w64/10.0.0_3/toolchain-x86_64/lib/gcc/x86_64-w64-mingw32/12.2.0] ==> dir [/opt/homebrew/Cellar/mingw-w64/10.0.0_3/toolchain-x86_64/lib/gcc/x86_64-w64-mingw32/12.2.0]
    arg [-L/opt/homebrew/Cellar/mingw-w64/10.0.0_3/toolchain-x86_64/lib/gcc/x86_64-w64-mingw32/12.2.0/../../../../x86_64-w64-mingw32/lib/../lib] ==> dir [/opt/homebrew/Cellar/mingw-w64/10.0.0_3/toolchain-x86_64/lib/gcc/x86_64-w64-mingw32/12.2.0/../../../../x86_64-w64-mingw32/lib/../lib]
    arg [-L/opt/homebrew/Cellar/mingw-w64/10.0.0_3/toolchain-x86_64/mingw/lib/../lib] ==> dir [/opt/homebrew/Cellar/mingw-w64/10.0.0_3/toolchain-x86_64/mingw/lib/../lib]
    arg [-L/opt/homebrew/Cellar/mingw-w64/10.0.0_3/toolchain-x86_64/lib/gcc/x86_64-w64-mingw32/12.2.0/../../../../x86_64-w64-mingw32/lib] ==> dir [/opt/homebrew/Cellar/mingw-w64/10.0.0_3/toolchain-x86_64/lib/gcc/x86_64-w64-mingw32/12.2.0/../../../../x86_64-w64-mingw32/lib]
    arg [-L/opt/homebrew/Cellar/mingw-w64/10.0.0_3/toolchain-x86_64/mingw/lib] ==> dir [/opt/homebrew/Cellar/mingw-w64/10.0.0_3/toolchain-x86_64/mingw/lib]
    arg [-lpthread] ==> lib [pthread]
    arg [--whole-archive] ==> ignore
    arg [CMakeFiles/cmTC_e89e4.dir/objects.a] ==> ignore
    arg [--no-whole-archive] ==> ignore
    arg [--out-implib] ==> ignore
    arg [libcmTC_e89e4.dll.a] ==> ignore
    arg [--major-image-version] ==> ignore
    arg [0] ==> ignore
    arg [--minor-image-version] ==> ignore
    arg [0] ==> ignore
    arg [-lstdc++] ==> lib [SEARCH_STATIC:stdc++]
    arg [-lmingw32] ==> lib [mingw32]
    arg [-lgcc] ==> lib [gcc]
    arg [-lgcc_eh] ==> lib [gcc_eh]
    arg [-lmoldname] ==> lib [moldname]
    arg [-lmingwex] ==> lib [mingwex]
    arg [-lmsvcrt] ==> lib [msvcrt]
    arg [-lkernel32] ==> lib [kernel32]
    arg [-lpthread] ==> lib [pthread]
    arg [-ladvapi32] ==> lib [advapi32]
    arg [-lshell32] ==> lib [shell32]
    arg [-luser32] ==> lib [user32]
    arg [-lkernel32] ==> lib [kernel32]
    arg [-lmingw32] ==> lib [mingw32]
    arg [-lgcc] ==> lib [gcc]
    arg [-lgcc_eh] ==> lib [gcc_eh]
    arg [-lmoldname] ==> lib [moldname]
    arg [-lmingwex] ==> lib [mingwex]
    arg [-lmsvcrt] ==> lib [msvcrt]
    arg [-lkernel32] ==> lib [kernel32]
    arg [/opt/homebrew/Cellar/mingw-w64/10.0.0_3/toolchain-x86_64/lib/gcc/x86_64-w64-mingw32/12.2.0/crtend.o] ==> obj [/opt/homebrew/Cellar/mingw-w64/10.0.0_3/toolchain-x86_64/lib/gcc/x86_64-w64-mingw32/12.2.0/crtend.o]
  search lib [SEARCH_STATIC:stdc++] ==> [stdc++]
  remove lib [gcc_eh]
  remove lib [msvcrt]
  remove lib [gcc_eh]
  remove lib [msvcrt]
  collapse obj [/opt/homebrew/Cellar/mingw-w64/10.0.0_3/toolchain-x86_64/lib/gcc/x86_64-w64-mingw32/12.2.0/../../../../x86_64-w64-mingw32/lib/../lib/crt2.o] ==> [/opt/homebrew/Cellar/mingw-w64/10.0.0_3/toolchain-x86_64/x86_64-w64-mingw32/lib/crt2.o]
  collapse library dir [/opt/homebrew/Cellar/mingw-w64/10.0.0_3/toolchain-x86_64/lib/gcc/x86_64-w64-mingw32/12.2.0] ==> [/opt/homebrew/Cellar/mingw-w64/10.0.0_3/toolchain-x86_64/lib/gcc/x86_64-w64-mingw32/12.2.0]
  collapse library dir [/opt/homebrew/Cellar/mingw-w64/10.0.0_3/toolchain-x86_64/lib/gcc/x86_64-w64-mingw32/12.2.0/../../../../x86_64-w64-mingw32/lib/../lib] ==> [/opt/homebrew/Cellar/mingw-w64/10.0.0_3/toolchain-x86_64/x86_64-w64-mingw32/lib]
  collapse library dir [/opt/homebrew/Cellar/mingw-w64/10.0.0_3/toolchain-x86_64/mingw/lib/../lib] ==> [/opt/homebrew/Cellar/mingw-w64/10.0.0_3/toolchain-x86_64/mingw/lib]
  collapse library dir [/opt/homebrew/Cellar/mingw-w64/10.0.0_3/toolchain-x86_64/lib/gcc/x86_64-w64-mingw32/12.2.0/../../../../x86_64-w64-mingw32/lib] ==> [/opt/homebrew/Cellar/mingw-w64/10.0.0_3/toolchain-x86_64/x86_64-w64-mingw32/lib]
  collapse library dir [/opt/homebrew/Cellar/mingw-w64/10.0.0_3/toolchain-x86_64/mingw/lib] ==> [/opt/homebrew/Cellar/mingw-w64/10.0.0_3/toolchain-x86_64/mingw/lib]
  implicit libs: [pthread;stdc++;mingw32;gcc;moldname;mingwex;kernel32;pthread;advapi32;shell32;user32;kernel32;mingw32;gcc;moldname;mingwex;kernel32]
  implicit objs: [/opt/homebrew/Cellar/mingw-w64/10.0.0_3/toolchain-x86_64/x86_64-w64-mingw32/lib/crt2.o;/opt/homebrew/Cellar/mingw-w64/10.0.0_3/toolchain-x86_64/lib/gcc/x86_64-w64-mingw32/12.2.0/crtbegin.o;/opt/homebrew/Cellar/mingw-w64/10.0.0_3/toolchain-x86_64/lib/gcc/x86_64-w64-mingw32/12.2.0/crtend.o]
  implicit dirs: [/opt/homebrew/Cellar/mingw-w64/10.0.0_3/toolchain-x86_64/lib/gcc/x86_64-w64-mingw32/12.2.0;/opt/homebrew/Cellar/mingw-w64/10.0.0_3/toolchain-x86_64/x86_64-w64-mingw32/lib;/opt/homebrew/Cellar/mingw-w64/10.0.0_3/toolchain-x86_64/mingw/lib]
  implicit fwks: []


Detecting C compiler ABI info compiled with the following output:
Change Dir: /Users/kevindavis/Documents/Computer-Projects/C++-Projects/abmbci/build/CMakeFiles/CMakeTmp

Run Build Command(s):/usr/bin/make -f Makefile cmTC_0b4e8/fast && /Applications/Xcode.app/Contents/Developer/usr/bin/make  -f CMakeFiles/cmTC_0b4e8.dir/build.make CMakeFiles/cmTC_0b4e8.dir/build
Building C object CMakeFiles/cmTC_0b4e8.dir/CMakeCCompilerABI.c.obj
/opt/homebrew/bin/x86_64-w64-mingw32-gcc   -v -o CMakeFiles/cmTC_0b4e8.dir/CMakeCCompilerABI.c.obj -c /opt/homebrew/Cellar/cmake/3.24.3/share/cmake/Modules/CMakeCCompilerABI.c
Using built-in specs.
COLLECT_GCC=/opt/homebrew/bin/x86_64-w64-mingw32-gcc
Target: x86_64-w64-mingw32
Configured with: ../configure --target=x86_64-w64-mingw32 --with-sysroot=/opt/homebrew/Cellar/mingw-w64/10.0.0_3/toolchain-x86_64 --prefix=/opt/homebrew/Cellar/mingw-w64/10.0.0_3/toolchain-x86_64 --with-bugurl=https://github.com/Homebrew/homebrew-core/issues --enable-languages=c,c++,fortran --with-ld=/opt/homebrew/Cellar/mingw-w64/10.0.0_3/toolchain-x86_64/bin/x86_64-w64-mingw32-ld --with-as=/opt/homebrew/Cellar/mingw-w64/10.0.0_3/toolchain-x86_64/bin/x86_64-w64-mingw32-as --with-gmp=/opt/homebrew/opt/gmp --with-mpfr=/opt/homebrew/opt/mpfr --with-mpc=/opt/homebrew/opt/libmpc --with-isl=/opt/homebrew/opt/isl --with-zstd=no --disable-multilib --disable-nls --enable-threads=posix
Thread model: posix
Supported LTO compression algorithms: zlib
gcc version 12.2.0 (GCC) 
COLLECT_GCC_OPTIONS='-v' '-o' 'CMakeFiles/cmTC_0b4e8.dir/CMakeCCompilerABI.c.obj' '-c' '-mtune=generic' '-march=x86-64' '-dumpdir' 'CMakeFiles/cmTC_0b4e8.dir/'
 /opt/homebrew/Cellar/mingw-w64/10.0.0_3/toolchain-x86_64/libexec/gcc/x86_64-w64-mingw32/12.2.0/cc1 -quiet -v -D_REENTRANT /opt/homebrew/Cellar/cmake/3.24.3/share/cmake/Modules/CMakeCCompilerABI.c -quiet -dumpdir CMakeFiles/cmTC_0b4e8.dir/ -dumpbase CMakeCCompilerABI.c.c -dumpbase-ext .c -mtune=generic -march=x86-64 -version -o /var/folders/7n/8q9hy8d96cj34whp68fj32700000gn/T//ccbm9yzM.s
GNU C17 (GCC) version 12.2.0 (x86_64-w64-mingw32)
	compiled by GNU C version Apple LLVM 13.1.6 (clang-1316.0.21.2.5), GMP version 6.2.1, MPFR version 4.1.0, MPC version 1.2.1, isl version isl-0.25-GMP

GGC heuristics: --param ggc-min-expand=100 --param ggc-min-heapsize=131072
ignoring nonexistent directory "/opt/homebrew/Cellar/mingw-w64/10.0.0_3/toolchain-x86_64/usr/local/include"
ignoring duplicate directory "/opt/homebrew/Cellar/mingw-w64/10.0.0_3/toolchain-x86_64/mingw/include"
#include "..." search starts here:
#include <...> search starts here:
 /opt/homebrew/Cellar/mingw-w64/10.0.0_3/toolchain-x86_64/lib/gcc/x86_64-w64-mingw32/12.2.0/include
 /opt/homebrew/Cellar/mingw-w64/10.0.0_3/toolchain-x86_64/lib/gcc/x86_64-w64-mingw32/12.2.0/include-fixed
 /opt/homebrew/Cellar/mingw-w64/10.0.0_3/toolchain-x86_64/lib/gcc/x86_64-w64-mingw32/12.2.0/../../../../x86_64-w64-mingw32/include
End of search list.
GNU C17 (GCC) version 12.2.0 (x86_64-w64-mingw32)
	compiled by GNU C version Apple LLVM 13.1.6 (clang-1316.0.21.2.5), GMP version 6.2.1, MPFR version 4.1.0, MPC version 1.2.1, isl version isl-0.25-GMP

GGC heuristics: --param ggc-min-expand=100 --param ggc-min-heapsize=131072
Compiler executable checksum: 85f7dc2d68f9d87e7853d0db05c1821b
COLLECT_GCC_OPTIONS='-v' '-o' 'CMakeFiles/cmTC_0b4e8.dir/CMakeCCompilerABI.c.obj' '-c' '-mtune=generic' '-march=x86-64' '-dumpdir' 'CMakeFiles/cmTC_0b4e8.dir/'
 /opt/homebrew/Cellar/mingw-w64/10.0.0_3/toolchain-x86_64/bin/x86_64-w64-mingw32-as -v -o CMakeFiles/cmTC_0b4e8.dir/CMakeCCompilerABI.c.obj /var/folders/7n/8q9hy8d96cj34whp68fj32700000gn/T//ccbm9yzM.s
GNU assembler version 2.39 (x86_64-w64-mingw32) using BFD version (GNU Binutils) 2.39
COMPILER_PATH=/opt/homebrew/Cellar/mingw-w64/10.0.0_3/toolchain-x86_64/libexec/gcc/x86_64-w64-mingw32/12.2.0/:/opt/homebrew/Cellar/mingw-w64/10.0.0_3/toolchain-x86_64/libexec/gcc/x86_64-w64-mingw32/12.2.0/:/opt/homebrew/Cellar/mingw-w64/10.0.0_3/toolchain-x86_64/libexec/gcc/x86_64-w64-mingw32/:/opt/homebrew/Cellar/mingw-w64/10.0.0_3/toolchain-x86_64/lib/gcc/x86_64-w64-mingw32/12.2.0/:/opt/homebrew/Cellar/mingw-w64/10.0.0_3/toolchain-x86_64/lib/gcc/x86_64-w64-mingw32/:/opt/homebrew/Cellar/mingw-w64/10.0.0_3/toolchain-x86_64/lib/gcc/x86_64-w64-mingw32/12.2.0/../../../../x86_64-w64-mingw32/bin/
LIBRARY_PATH=/opt/homebrew/Cellar/mingw-w64/10.0.0_3/toolchain-x86_64/lib/gcc/x86_64-w64-mingw32/12.2.0/:/opt/homebrew/Cellar/mingw-w64/10.0.0_3/toolchain-x86_64/lib/gcc/x86_64-w64-mingw32/12.2.0/../../../../x86_64-w64-mingw32/lib/../lib/:/opt/homebrew/Cellar/mingw-w64/10.0.0_3/toolchain-x86_64/mingw/lib/../lib/:/opt/homebrew/Cellar/mingw-w64/10.0.0_3/toolchain-x86_64/lib/gcc/x86_64-w64-mingw32/12.2.0/../../../../x86_64-w64-mingw32/lib/:/opt/homebrew/Cellar/mingw-w64/10.0.0_3/toolchain-x86_64/mingw/lib/
COLLECT_GCC_OPTIONS='-v' '-o' 'CMakeFiles/cmTC_0b4e8.dir/CMakeCCompilerABI.c.obj' '-c' '-mtune=generic' '-march=x86-64' '-dumpdir' 'CMakeFiles/cmTC_0b4e8.dir/CMakeCCompilerABI.c.'
Linking C executable cmTC_0b4e8.exe
/opt/homebrew/Cellar/cmake/3.24.3/bin/cmake -E cmake_link_script CMakeFiles/cmTC_0b4e8.dir/link.txt --verbose=1
/opt/homebrew/Cellar/cmake/3.24.3/bin/cmake -E rm -f CMakeFiles/cmTC_0b4e8.dir/objects.a
/opt/homebrew/bin/x86_64-w64-mingw32-ar qc CMakeFiles/cmTC_0b4e8.dir/objects.a @CMakeFiles/cmTC_0b4e8.dir/objects1.rsp
/opt/homebrew/bin/x86_64-w64-mingw32-gcc -static-libstdc++ -static-libgcc -static -lpthread -v -Wl,--whole-archive CMakeFiles/cmTC_0b4e8.dir/objects.a -Wl,--no-whole-archive -o cmTC_0b4e8.exe -Wl,--out-implib,libcmTC_0b4e8.dll.a -Wl,--major-image-version,0,--minor-image-version,0 
Using built-in specs.
COLLECT_GCC=/opt/homebrew/bin/x86_64-w64-mingw32-gcc
COLLECT_LTO_WRAPPER=/opt/homebrew/Cellar/mingw-w64/10.0.0_3/toolchain-x86_64/libexec/gcc/x86_64-w64-mingw32/12.2.0/lto-wrapper
Target: x86_64-w64-mingw32
Configured with: ../configure --target=x86_64-w64-mingw32 --with-sysroot=/opt/homebrew/Cellar/mingw-w64/10.0.0_3/toolchain-x86_64 --prefix=/opt/homebrew/Cellar/mingw-w64/10.0.0_3/toolchain-x86_64 --with-bugurl=https://github.com/Homebrew/homebrew-core/issues --enable-languages=c,c++,fortran --with-ld=/opt/homebrew/Cellar/mingw-w64/10.0.0_3/toolchain-x86_64/bin/x86_64-w64-mingw32-ld --with-as=/opt/homebrew/Cellar/mingw-w64/10.0.0_3/toolchain-x86_64/bin/x86_64-w64-mingw32-as --with-gmp=/opt/homebrew/opt/gmp --with-mpfr=/opt/homebrew/opt/mpfr --with-mpc=/opt/homebrew/opt/libmpc --with-isl=/opt/homebrew/opt/isl --with-zstd=no --disable-multilib --disable-nls --enable-threads=posix
Thread model: posix
Supported LTO compression algorithms: zlib
gcc version 12.2.0 (GCC) 
COMPILER_PATH=/opt/homebrew/Cellar/mingw-w64/10.0.0_3/toolchain-x86_64/libexec/gcc/x86_64-w64-mingw32/12.2.0/:/opt/homebrew/Cellar/mingw-w64/10.0.0_3/toolchain-x86_64/libexec/gcc/x86_64-w64-mingw32/12.2.0/:/opt/homebrew/Cellar/mingw-w64/10.0.0_3/toolchain-x86_64/libexec/gcc/x86_64-w64-mingw32/:/opt/homebrew/Cellar/mingw-w64/10.0.0_3/toolchain-x86_64/lib/gcc/x86_64-w64-mingw32/12.2.0/:/opt/homebrew/Cellar/mingw-w64/10.0.0_3/toolchain-x86_64/lib/gcc/x86_64-w64-mingw32/:/opt/homebrew/Cellar/mingw-w64/10.0.0_3/toolchain-x86_64/lib/gcc/x86_64-w64-mingw32/12.2.0/../../../../x86_64-w64-mingw32/bin/
LIBRARY_PATH=/opt/homebrew/Cellar/mingw-w64/10.0.0_3/toolchain-x86_64/lib/gcc/x86_64-w64-mingw32/12.2.0/:/opt/homebrew/Cellar/mingw-w64/10.0.0_3/toolchain-x86_64/lib/gcc/x86_64-w64-mingw32/12.2.0/../../../../x86_64-w64-mingw32/lib/../lib/:/opt/homebrew/Cellar/mingw-w64/10.0.0_3/toolchain-x86_64/mingw/lib/../lib/:/opt/homebrew/Cellar/mingw-w64/10.0.0_3/toolchain-x86_64/lib/gcc/x86_64-w64-mingw32/12.2.0/../../../../x86_64-w64-mingw32/lib/:/opt/homebrew/Cellar/mingw-w64/10.0.0_3/toolchain-x86_64/mingw/lib/
COLLECT_GCC_OPTIONS='-static-libstdc++' '-static-libgcc' '-static' '-v' '-o' 'cmTC_0b4e8.exe' '-mtune=generic' '-march=x86-64' '-dumpdir' 'cmTC_0b4e8.'
 /opt/homebrew/Cellar/mingw-w64/10.0.0_3/toolchain-x86_64/libexec/gcc/x86_64-w64-mingw32/12.2.0/collect2 -plugin /opt/homebrew/Cellar/mingw-w64/10.0.0_3/toolchain-x86_64/libexec/gcc/x86_64-w64-mingw32/12.2.0/liblto_plugin.so -plugin-opt=/opt/homebrew/Cellar/mingw-w64/10.0.0_3/toolchain-x86_64/libexec/gcc/x86_64-w64-mingw32/12.2.0/lto-wrapper -plugin-opt=-fresolution=/var/folders/7n/8q9hy8d96cj34whp68fj32700000gn/T//ccR4UlpC.res -plugin-opt=-pass-through=-lmingw32 -plugin-opt=-pass-through=-lgcc -plugin-opt=-pass-through=-lgcc_eh -plugin-opt=-pass-through=-lmoldname -plugin-opt=-pass-through=-lmingwex -plugin-opt=-pass-through=-lmsvcrt -plugin-opt=-pass-through=-lkernel32 -plugin-opt=-pass-through=-lpthread -plugin-opt=-pass-through=-ladvapi32 -plugin-opt=-pass-through=-lshell32 -plugin-opt=-pass-through=-luser32 -plugin-opt=-pass-through=-lkernel32 -plugin-opt=-pass-through=-lmingw32 -plugin-opt=-pass-through=-lgcc -plugin-opt=-pass-through=-lgcc_eh -plugin-opt=-pass-through=-lmoldname -plugin-opt=-pass-through=-lmingwex -plugin-opt=-pass-through=-lmsvcrt -plugin-opt=-pass-through=-lkernel32 --sysroot=/opt/homebrew/Cellar/mingw-w64/10.0.0_3/toolchain-x86_64 -m i386pep -Bstatic -o cmTC_0b4e8.exe /opt/homebrew/Cellar/mingw-w64/10.0.0_3/toolchain-x86_64/lib/gcc/x86_64-w64-mingw32/12.2.0/../../../../x86_64-w64-mingw32/lib/../lib/crt2.o /opt/homebrew/Cellar/mingw-w64/10.0.0_3/toolchain-x86_64/lib/gcc/x86_64-w64-mingw32/12.2.0/crtbegin.o -L/opt/homebrew/Cellar/mingw-w64/10.0.0_3/toolchain-x86_64/lib/gcc/x86_64-w64-mingw32/12.2.0 -L/opt/homebrew/Cellar/mingw-w64/10.0.0_3/toolchain-x86_64/lib/gcc/x86_64-w64-mingw32/12.2.0/../../../../x86_64-w64-mingw32/lib/../lib -L/opt/homebrew/Cellar/mingw-w64/10.0.0_3/toolchain-x86_64/mingw/lib/../lib -L/opt/homebrew/Cellar/mingw-w64/10.0.0_3/toolchain-x86_64/lib/gcc/x86_64-w64-mingw32/12.2.0/../../../../x86_64-w64-mingw32/lib -L/opt/homebrew/Cellar/mingw-w64/10.0.0_3/toolchain-x86_64/mingw/lib -lpthread --whole-archive CMakeFiles/cmTC_0b4e8.dir/objects.a --no-whole-archive --out-implib libcmTC_0b4e8.dll.a --major-image-version 0 --minor-image-version 0 -lmingw32 -lgcc -lgcc_eh -lmoldname -lmingwex -lmsvcrt -lkernel32 -lpthread -ladvapi32 -lshell32 -luser32 -lkernel32 -lmingw32 -lgcc -lgcc_eh -lmoldname -lmingwex -lmsvcrt -lkernel32 /opt/homebrew/Cellar/mingw-w64/10.0.0_3/toolchain-x86_64/lib/gcc/x86_64-w64-mingw32/12.2.0/crtend.o
COLLECT_GCC_OPTIONS='-static-libstdc++' '-static-libgcc' '-static' '-v' '-o' 'cmTC_0b4e8.exe' '-mtune=generic' '-march=x86-64' '-dumpdir' 'cmTC_0b4e8.'



Parsed C implicit include dir info from above output: rv=done
  found start of include info
  found start of implicit include info
    add: [/opt/homebrew/Cellar/mingw-w64/10.0.0_3/toolchain-x86_64/lib/gcc/x86_64-w64-mingw32/12.2.0/include]
    add: [/opt/homebrew/Cellar/mingw-w64/10.0.0_3/toolchain-x86_64/lib/gcc/x86_64-w64-mingw32/12.2.0/include-fixed]
    add: [/opt/homebrew/Cellar/mingw-w64/10.0.0_3/toolchain-x86_64/lib/gcc/x86_64-w64-mingw32/12.2.0/../../../../x86_64-w64-mingw32/include]
  end of search list found
  collapse include dir [/opt/homebrew/Cellar/mingw-w64/10.0.0_3/toolchain-x86_64/lib/gcc/x86_64-w64-mingw32/12.2.0/include] ==> [/opt/homebrew/Cellar/mingw-w64/10.0.0_3/toolchain-x86_64/lib/gcc/x86_64-w64-mingw32/12.2.0/include]
  collapse include dir [/opt/homebrew/Cellar/mingw-w64/10.0.0_3/toolchain-x86_64/lib/gcc/x86_64-w64-mingw32/12.2.0/include-fixed] ==> [/opt/homebrew/Cellar/mingw-w64/10.0.0_3/toolchain-x86_64/lib/gcc/x86_64-w64-mingw32/12.2.0/include-fixed]
  collapse include dir [/opt/homebrew/Cellar/mingw-w64/10.0.0_3/toolchain-x86_64/lib/gcc/x86_64-w64-mingw32/12.2.0/../../../../x86_64-w64-mingw32/include] ==> [/opt/homebrew/Cellar/mingw-w64/10.0.0_3/toolchain-x86_64/x86_64-w64-mingw32/include]
  implicit include dirs: [/opt/homebrew/Cellar/mingw-w64/10.0.0_3/toolchain-x86_64/lib/gcc/x86_64-w64-mingw32/12.2.0/include;/opt/homebrew/Cellar/mingw-w64/10.0.0_3/toolchain-x86_64/lib/gcc/x86_64-w64-mingw32/12.2.0/include-fixed;/opt/homebrew/Cellar/mingw-w64/10.0.0_3/toolchain-x86_64/x86_64-w64-mingw32/include]


Parsed C implicit link information from above output:
  link line regex: [^( *|.*[/\])(x86_64-w64-mingw32-ld|CMAKE_LINK_STARTFILE-NOTFOUND|([^/\]+-)?ld|collect2)[^/\]*( |$)]
  ignore line: [Change Dir: /Users/kevindavis/Documents/Computer-Projects/C++-Projects/abmbci/build/CMakeFiles/CMakeTmp]
  ignore line: []
  ignore line: [Run Build Command(s):/usr/bin/make -f Makefile cmTC_0b4e8/fast && /Applications/Xcode.app/Contents/Developer/usr/bin/make  -f CMakeFiles/cmTC_0b4e8.dir/build.make CMakeFiles/cmTC_0b4e8.dir/build]
  ignore line: [Building C object CMakeFiles/cmTC_0b4e8.dir/CMakeCCompilerABI.c.obj]
  ignore line: [/opt/homebrew/bin/x86_64-w64-mingw32-gcc   -v -o CMakeFiles/cmTC_0b4e8.dir/CMakeCCompilerABI.c.obj -c /opt/homebrew/Cellar/cmake/3.24.3/share/cmake/Modules/CMakeCCompilerABI.c]
  ignore line: [Using built-in specs.]
  ignore line: [COLLECT_GCC=/opt/homebrew/bin/x86_64-w64-mingw32-gcc]
  ignore line: [Target: x86_64-w64-mingw32]
  ignore line: [Configured with: ../configure --target=x86_64-w64-mingw32 --with-sysroot=/opt/homebrew/Cellar/mingw-w64/10.0.0_3/toolchain-x86_64 --prefix=/opt/homebrew/Cellar/mingw-w64/10.0.0_3/toolchain-x86_64 --with-bugurl=https://github.com/Homebrew/homebrew-core/issues --enable-languages=c,c++,fortran --with-ld=/opt/homebrew/Cellar/mingw-w64/10.0.0_3/toolchain-x86_64/bin/x86_64-w64-mingw32-ld --with-as=/opt/homebrew/Cellar/mingw-w64/10.0.0_3/toolchain-x86_64/bin/x86_64-w64-mingw32-as --with-gmp=/opt/homebrew/opt/gmp --with-mpfr=/opt/homebrew/opt/mpfr --with-mpc=/opt/homebrew/opt/libmpc --with-isl=/opt/homebrew/opt/isl --with-zstd=no --disable-multilib --disable-nls --enable-threads=posix]
  ignore line: [Thread model: posix]
  ignore line: [Supported LTO compression algorithms: zlib]
  ignore line: [gcc version 12.2.0 (GCC) ]
  ignore line: [COLLECT_GCC_OPTIONS='-v' '-o' 'CMakeFiles/cmTC_0b4e8.dir/CMakeCCompilerABI.c.obj' '-c' '-mtune=generic' '-march=x86-64' '-dumpdir' 'CMakeFiles/cmTC_0b4e8.dir/']
  ignore line: [ /opt/homebrew/Cellar/mingw-w64/10.0.0_3/toolchain-x86_64/libexec/gcc/x86_64-w64-mingw32/12.2.0/cc1 -quiet -v -D_REENTRANT /opt/homebrew/Cellar/cmake/3.24.3/share/cmake/Modules/CMakeCCompilerABI.c -quiet -dumpdir CMakeFiles/cmTC_0b4e8.dir/ -dumpbase CMakeCCompilerABI.c.c -dumpbase-ext .c -mtune=generic -march=x86-64 -version -o /var/folders/7n/8q9hy8d96cj34whp68fj32700000gn/T//ccbm9yzM.s]
  ignore line: [GNU C17 (GCC) version 12.2.0 (x86_64-w64-mingw32)]
  ignore line: [	compiled by GNU C version Apple LLVM 13.1.6 (clang-1316.0.21.2.5)  GMP version 6.2.1  MPFR version 4.1.0  MPC version 1.2.1  isl version isl-0.25-GMP]
  ignore line: []
  ignore line: [GGC heuristics: --param ggc-min-expand=100 --param ggc-min-heapsize=131072]
  ignore line: [ignoring nonexistent directory "/opt/homebrew/Cellar/mingw-w64/10.0.0_3/toolchain-x86_64/usr/local/include"]
  ignore line: [ignoring duplicate directory "/opt/homebrew/Cellar/mingw-w64/10.0.0_3/toolchain-x86_64/mingw/include"]
  ignore line: [#include "..." search starts here:]
  ignore line: [#include <...> search starts here:]
  ignore line: [ /opt/homebrew/Cellar/mingw-w64/10.0.0_3/toolchain-x86_64/lib/gcc/x86_64-w64-mingw32/12.2.0/include]
  ignore line: [ /opt/homebrew/Cellar/mingw-w64/10.0.0_3/toolchain-x86_64/lib/gcc/x86_64-w64-mingw32/12.2.0/include-fixed]
  ignore line: [ /opt/homebrew/Cellar/mingw-w64/10.0.0_3/toolchain-x86_64/lib/gcc/x86_64-w64-mingw32/12.2.0/../../../../x86_64-w64-mingw32/include]
  ignore line: [End of search list.]
  ignore line: [GNU C17 (GCC) version 12.2.0 (x86_64-w64-mingw32)]
  ignore line: [	compiled by GNU C version Apple LLVM 13.1.6 (clang-1316.0.21.2.5)  GMP version 6.2.1  MPFR version 4.1.0  MPC version 1.2.1  isl version isl-0.25-GMP]
  ignore line: []
  ignore line: [GGC heuristics: --param ggc-min-expand=100 --param ggc-min-heapsize=131072]
  ignore line: [Compiler executable checksum: 85f7dc2d68f9d87e7853d0db05c1821b]
  ignore line: [COLLECT_GCC_OPTIONS='-v' '-o' 'CMakeFiles/cmTC_0b4e8.dir/CMakeCCompilerABI.c.obj' '-c' '-mtune=generic' '-march=x86-64' '-dumpdir' 'CMakeFiles/cmTC_0b4e8.dir/']
  ignore line: [ /opt/homebrew/Cellar/mingw-w64/10.0.0_3/toolchain-x86_64/bin/x86_64-w64-mingw32-as -v -o CMakeFiles/cmTC_0b4e8.dir/CMakeCCompilerABI.c.obj /var/folders/7n/8q9hy8d96cj34whp68fj32700000gn/T//ccbm9yzM.s]
  ignore line: [GNU assembler version 2.39 (x86_64-w64-mingw32) using BFD version (GNU Binutils) 2.39]
  ignore line: [COMPILER_PATH=/opt/homebrew/Cellar/mingw-w64/10.0.0_3/toolchain-x86_64/libexec/gcc/x86_64-w64-mingw32/12.2.0/:/opt/homebrew/Cellar/mingw-w64/10.0.0_3/toolchain-x86_64/libexec/gcc/x86_64-w64-mingw32/12.2.0/:/opt/homebrew/Cellar/mingw-w64/10.0.0_3/toolchain-x86_64/libexec/gcc/x86_64-w64-mingw32/:/opt/homebrew/Cellar/mingw-w64/10.0.0_3/toolchain-x86_64/lib/gcc/x86_64-w64-mingw32/12.2.0/:/opt/homebrew/Cellar/mingw-w64/10.0.0_3/toolchain-x86_64/lib/gcc/x86_64-w64-mingw32/:/opt/homebrew/Cellar/mingw-w64/10.0.0_3/toolchain-x86_64/lib/gcc/x86_64-w64-mingw32/12.2.0/../../../../x86_64-w64-mingw32/bin/]
  ignore line: [LIBRARY_PATH=/opt/homebrew/Cellar/mingw-w64/10.0.0_3/toolchain-x86_64/lib/gcc/x86_64-w64-mingw32/12.2.0/:/opt/homebrew/Cellar/mingw-w64/10.0.0_3/toolchain-x86_64/lib/gcc/x86_64-w64-mingw32/12.2.0/../../../../x86_64-w64-mingw32/lib/../lib/:/opt/homebrew/Cellar/mingw-w64/10.0.0_3/toolchain-x86_64/mingw/lib/../lib/:/opt/homebrew/Cellar/mingw-w64/10.0.0_3/toolchain-x86_64/lib/gcc/x86_64-w64-mingw32/12.2.0/../../../../x86_64-w64-mingw32/lib/:/opt/homebrew/Cellar/mingw-w64/10.0.0_3/toolchain-x86_64/mingw/lib/]
  ignore line: [COLLECT_GCC_OPTIONS='-v' '-o' 'CMakeFiles/cmTC_0b4e8.dir/CMakeCCompilerABI.c.obj' '-c' '-mtune=generic' '-march=x86-64' '-dumpdir' 'CMakeFiles/cmTC_0b4e8.dir/CMakeCCompilerABI.c.']
  ignore line: [Linking C executable cmTC_0b4e8.exe]
  ignore line: [/opt/homebrew/Cellar/cmake/3.24.3/bin/cmake -E cmake_link_script CMakeFiles/cmTC_0b4e8.dir/link.txt --verbose=1]
  ignore line: [/opt/homebrew/Cellar/cmake/3.24.3/bin/cmake -E rm -f CMakeFiles/cmTC_0b4e8.dir/objects.a]
  ignore line: [/opt/homebrew/bin/x86_64-w64-mingw32-ar qc CMakeFiles/cmTC_0b4e8.dir/objects.a @CMakeFiles/cmTC_0b4e8.dir/objects1.rsp]
  ignore line: [/opt/homebrew/bin/x86_64-w64-mingw32-gcc -static-libstdc++ -static-libgcc -static -lpthread -v -Wl --whole-archive CMakeFiles/cmTC_0b4e8.dir/objects.a -Wl --no-whole-archive -o cmTC_0b4e8.exe -Wl --out-implib libcmTC_0b4e8.dll.a -Wl --major-image-version 0 --minor-image-version 0 ]
  ignore line: [Using built-in specs.]
  ignore line: [COLLECT_GCC=/opt/homebrew/bin/x86_64-w64-mingw32-gcc]
  ignore line: [COLLECT_LTO_WRAPPER=/opt/homebrew/Cellar/mingw-w64/10.0.0_3/toolchain-x86_64/libexec/gcc/x86_64-w64-mingw32/12.2.0/lto-wrapper]
  ignore line: [Target: x86_64-w64-mingw32]
  ignore line: [Configured with: ../configure --target=x86_64-w64-mingw32 --with-sysroot=/opt/homebrew/Cellar/mingw-w64/10.0.0_3/toolchain-x86_64 --prefix=/opt/homebrew/Cellar/mingw-w64/10.0.0_3/toolchain-x86_64 --with-bugurl=https://github.com/Homebrew/homebrew-core/issues --enable-languages=c,c++,fortran --with-ld=/opt/homebrew/Cellar/mingw-w64/10.0.0_3/toolchain-x86_64/bin/x86_64-w64-mingw32-ld --with-as=/opt/homebrew/Cellar/mingw-w64/10.0.0_3/toolchain-x86_64/bin/x86_64-w64-mingw32-as --with-gmp=/opt/homebrew/opt/gmp --with-mpfr=/opt/homebrew/opt/mpfr --with-mpc=/opt/homebrew/opt/libmpc --with-isl=/opt/homebrew/opt/isl --with-zstd=no --disable-multilib --disable-nls --enable-threads=posix]
  ignore line: [Thread model: posix]
  ignore line: [Supported LTO compression algorithms: zlib]
  ignore line: [gcc version 12.2.0 (GCC) ]
  ignore line: [COMPILER_PATH=/opt/homebrew/Cellar/mingw-w64/10.0.0_3/toolchain-x86_64/libexec/gcc/x86_64-w64-mingw32/12.2.0/:/opt/homebrew/Cellar/mingw-w64/10.0.0_3/toolchain-x86_64/libexec/gcc/x86_64-w64-mingw32/12.2.0/:/opt/homebrew/Cellar/mingw-w64/10.0.0_3/toolchain-x86_64/libexec/gcc/x86_64-w64-mingw32/:/opt/homebrew/Cellar/mingw-w64/10.0.0_3/toolchain-x86_64/lib/gcc/x86_64-w64-mingw32/12.2.0/:/opt/homebrew/Cellar/mingw-w64/10.0.0_3/toolchain-x86_64/lib/gcc/x86_64-w64-mingw32/:/opt/homebrew/Cellar/mingw-w64/10.0.0_3/toolchain-x86_64/lib/gcc/x86_64-w64-mingw32/12.2.0/../../../../x86_64-w64-mingw32/bin/]
  ignore line: [LIBRARY_PATH=/opt/homebrew/Cellar/mingw-w64/10.0.0_3/toolchain-x86_64/lib/gcc/x86_64-w64-mingw32/12.2.0/:/opt/homebrew/Cellar/mingw-w64/10.0.0_3/toolchain-x86_64/lib/gcc/x86_64-w64-mingw32/12.2.0/../../../../x86_64-w64-mingw32/lib/../lib/:/opt/homebrew/Cellar/mingw-w64/10.0.0_3/toolchain-x86_64/mingw/lib/../lib/:/opt/homebrew/Cellar/mingw-w64/10.0.0_3/toolchain-x86_64/lib/gcc/x86_64-w64-mingw32/12.2.0/../../../../x86_64-w64-mingw32/lib/:/opt/homebrew/Cellar/mingw-w64/10.0.0_3/toolchain-x86_64/mingw/lib/]
  ignore line: [COLLECT_GCC_OPTIONS='-static-libstdc++' '-static-libgcc' '-static' '-v' '-o' 'cmTC_0b4e8.exe' '-mtune=generic' '-march=x86-64' '-dumpdir' 'cmTC_0b4e8.']
  link line: [ /opt/homebrew/Cellar/mingw-w64/10.0.0_3/toolchain-x86_64/libexec/gcc/x86_64-w64-mingw32/12.2.0/collect2 -plugin /opt/homebrew/Cellar/mingw-w64/10.0.0_3/toolchain-x86_64/libexec/gcc/x86_64-w64-mingw32/12.2.0/liblto_plugin.so -plugin-opt=/opt/homebrew/Cellar/mingw-w64/10.0.0_3/toolchain-x86_64/libexec/gcc/x86_64-w64-mingw32/12.2.0/lto-wrapper -plugin-opt=-fresolution=/var/folders/7n/8q9hy8d96cj34whp68fj32700000gn/T//ccR4UlpC.res -plugin-opt=-pass-through=-lmingw32 -plugin-opt=-pass-through=-lgcc -plugin-opt=-pass-through=-lgcc_eh -plugin-opt=-pass-through=-lmoldname -plugin-opt=-pass-through=-lmingwex -plugin-opt=-pass-through=-lmsvcrt -plugin-opt=-pass-through=-lkernel32 -plugin-opt=-pass-through=-lpthread -plugin-opt=-pass-through=-ladvapi32 -plugin-opt=-pass-through=-lshell32 -plugin-opt=-pass-through=-luser32 -plugin-opt=-pass-through=-lkernel32 -plugin-opt=-pass-through=-lmingw32 -plugin-opt=-pass-through=-lgcc -plugin-opt=-pass-through=-lgcc_eh -plugin-opt=-pass-through=-lmoldname -plugin-opt=-pass-through=-lmingwex -plugin-opt=-pass-through=-lmsvcrt -plugin-opt=-pass-through=-lkernel32 --sysroot=/opt/homebrew/Cellar/mingw-w64/10.0.0_3/toolchain-x86_64 -m i386pep -Bstatic -o cmTC_0b4e8.exe /opt/homebrew/Cellar/mingw-w64/10.0.0_3/toolchain-x86_64/lib/gcc/x86_64-w64-mingw32/12.2.0/../../../../x86_64-w64-mingw32/lib/../lib/crt2.o /opt/homebrew/Cellar/mingw-w64/10.0.0_3/toolchain-x86_64/lib/gcc/x86_64-w64-mingw32/12.2.0/crtbegin.o -L/opt/homebrew/Cellar/mingw-w64/10.0.0_3/toolchain-x86_64/lib/gcc/x86_64-w64-mingw32/12.2.0 -L/opt/homebrew/Cellar/mingw-w64/10.0.0_3/toolchain-x86_64/lib/gcc/x86_64-w64-mingw32/12.2.0/../../../../x86_64-w64-mingw32/lib/../lib -L/opt/homebrew/Cellar/mingw-w64/10.0.0_3/toolchain-x86_64/mingw/lib/../lib -L/opt/homebrew/Cellar/mingw-w64/10.0.0_3/toolchain-x86_64/lib/gcc/x86_64-w64-mingw32/12.2.0/../../../../x86_64-w64-mingw32/lib -L/opt/homebrew/Cellar/mingw-w64/10.0.0_3/toolchain-x86_64/mingw/lib -lpthread --whole-archive CMakeFiles/cmTC_0b4e8.dir/objects.a --no-whole-archive --out-implib libcmTC_0b4e8.dll.a --major-image-version 0 --minor-image-version 0 -lmingw32 -lgcc -lgcc_eh -lmoldname -lmingwex -lmsvcrt -lkernel32 -lpthread -ladvapi32 -lshell32 -luser32 -lkernel32 -lmingw32 -lgcc -lgcc_eh -lmoldname -lmingwex -lmsvcrt -lkernel32 /opt/homebrew/Cellar/mingw-w64/10.0.0_3/toolchain-x86_64/lib/gcc/x86_64-w64-mingw32/12.2.0/crtend.o]
    arg [/opt/homebrew/Cellar/mingw-w64/10.0.0_3/toolchain-x86_64/libexec/gcc/x86_64-w64-mingw32/12.2.0/collect2] ==> ignore
    arg [-plugin] ==> ignore
    arg [/opt/homebrew/Cellar/mingw-w64/10.0.0_3/toolchain-x86_64/libexec/gcc/x86_64-w64-mingw32/12.2.0/liblto_plugin.so] ==> ignore
    arg [-plugin-opt=/opt/homebrew/Cellar/mingw-w64/10.0.0_3/toolchain-x86_64/libexec/gcc/x86_64-w64-mingw32/12.2.0/lto-wrapper] ==> ignore
    arg [-plugin-opt=-fresolution=/var/folders/7n/8q9hy8d96cj34whp68fj32700000gn/T//ccR4UlpC.res] ==> ignore
    arg [-plugin-opt=-pass-through=-lmingw32] ==> ignore
    arg [-plugin-opt=-pass-through=-lgcc] ==> ignore
    arg [-plugin-opt=-pass-through=-lgcc_eh] ==> ignore
    arg [-plugin-opt=-pass-through=-lmoldname] ==> ignore
    arg [-plugin-opt=-pass-through=-lmingwex] ==> ignore
    arg [-plugin-opt=-pass-through=-lmsvcrt] ==> ignore
    arg [-plugin-opt=-pass-through=-lkernel32] ==> ignore
    arg [-plugin-opt=-pass-through=-lpthread] ==> ignore
    arg [-plugin-opt=-pass-through=-ladvapi32] ==> ignore
    arg [-plugin-opt=-pass-through=-lshell32] ==> ignore
    arg [-plugin-opt=-pass-through=-luser32] ==> ignore
    arg [-plugin-opt=-pass-through=-lkernel32] ==> ignore
    arg [-plugin-opt=-pass-through=-lmingw32] ==> ignore
    arg [-plugin-opt=-pass-through=-lgcc] ==> ignore
    arg [-plugin-opt=-pass-through=-lgcc_eh] ==> ignore
    arg [-plugin-opt=-pass-through=-lmoldname] ==> ignore
    arg [-plugin-opt=-pass-through=-lmingwex] ==> ignore
    arg [-plugin-opt=-pass-through=-lmsvcrt] ==> ignore
    arg [-plugin-opt=-pass-through=-lkernel32] ==> ignore
    arg [--sysroot=/opt/homebrew/Cellar/mingw-w64/10.0.0_3/toolchain-x86_64] ==> ignore
    arg [-m] ==> ignore
    arg [i386pep] ==> ignore
    arg [-Bstatic] ==> search static
    arg [-o] ==> ignore
    arg [cmTC_0b4e8.exe] ==> ignore
    arg [/opt/homebrew/Cellar/mingw-w64/10.0.0_3/toolchain-x86_64/lib/gcc/x86_64-w64-mingw32/12.2.0/../../../../x86_64-w64-mingw32/lib/../lib/crt2.o] ==> obj [/opt/homebrew/Cellar/mingw-w64/10.0.0_3/toolchain-x86_64/lib/gcc/x86_64-w64-mingw32/12.2.0/../../../../x86_64-w64-mingw32/lib/../lib/crt2.o]
    arg [/opt/homebrew/Cellar/mingw-w64/10.0.0_3/toolchain-x86_64/lib/gcc/x86_64-w64-mingw32/12.2.0/crtbegin.o] ==> obj [/opt/homebrew/Cellar/mingw-w64/10.0.0_3/toolchain-x86_64/lib/gcc/x86_64-w64-mingw32/12.2.0/crtbegin.o]
    arg [-L/opt/homebrew/Cellar/mingw-w64/10.0.0_3/toolchain-x86_64/lib/gcc/x86_64-w64-mingw32/12.2.0] ==> dir [/opt/homebrew/Cellar/mingw-w64/10.0.0_3/toolchain-x86_64/lib/gcc/x86_64-w64-mingw32/12.2.0]
    arg [-L/opt/homebrew/Cellar/mingw-w64/10.0.0_3/toolchain-x86_64/lib/gcc/x86_64-w64-mingw32/12.2.0/../../../../x86_64-w64-mingw32/lib/../lib] ==> dir [/opt/homebrew/Cellar/mingw-w64/10.0.0_3/toolchain-x86_64/lib/gcc/x86_64-w64-mingw32/12.2.0/../../../../x86_64-w64-mingw32/lib/../lib]
    arg [-L/opt/homebrew/Cellar/mingw-w64/10.0.0_3/toolchain-x86_64/mingw/lib/../lib] ==> dir [/opt/homebrew/Cellar/mingw-w64/10.0.0_3/toolchain-x86_64/mingw/lib/../lib]
    arg [-L/opt/homebrew/Cellar/mingw-w64/10.0.0_3/toolchain-x86_64/lib/gcc/x86_64-w64-mingw32/12.2.0/../../../../x86_64-w64-mingw32/lib] ==> dir [/opt/homebrew/Cellar/mingw-w64/10.0.0_3/toolchain-x86_64/lib/gcc/x86_64-w64-mingw32/12.2.0/../../../../x86_64-w64-mingw32/lib]
    arg [-L/opt/homebrew/Cellar/mingw-w64/10.0.0_3/toolchain-x86_64/mingw/lib] ==> dir [/opt/homebrew/Cellar/mingw-w64/10.0.0_3/toolchain-x86_64/mingw/lib]
    arg [-lpthread] ==> lib [pthread]
    arg [--whole-archive] ==> ignore
    arg [CMakeFiles/cmTC_0b4e8.dir/objects.a] ==> ignore
    arg [--no-whole-archive] ==> ignore
    arg [--out-implib] ==> ignore
    arg [libcmTC_0b4e8.dll.a] ==> ignore
    arg [--major-image-version] ==> ignore
    arg [0] ==> ignore
    arg [--minor-image-version] ==> ignore
    arg [0] ==> ignore
    arg [-lmingw32] ==> lib [mingw32]
    arg [-lgcc] ==> lib [gcc]
    arg [-lgcc_eh] ==> lib [gcc_eh]
    arg [-lmoldname] ==> lib [moldname]
    arg [-lmingwex] ==> lib [mingwex]
    arg [-lmsvcrt] ==> lib [msvcrt]
    arg [-lkernel32] ==> lib [kernel32]
    arg [-lpthread] ==> lib [pthread]
    arg [-ladvapi32] ==> lib [advapi32]
    arg [-lshell32] ==> lib [shell32]
    arg [-luser32] ==> lib [user32]
    arg [-lkernel32] ==> lib [kernel32]
    arg [-lmingw32] ==> lib [mingw32]
    arg [-lgcc] ==> lib [gcc]
    arg [-lgcc_eh] ==> lib [gcc_eh]
    arg [-lmoldname] ==> lib [moldname]
    arg [-lmingwex] ==> lib [mingwex]
    arg [-lmsvcrt] ==> lib [msvcrt]
    arg [-lkernel32] ==> lib [kernel32]
    arg [/opt/homebrew/Cellar/mingw-w64/10.0.0_3/toolchain-x86_64/lib/gcc/x86_64-w64-mingw32/12.2.0/crtend.o] ==> obj [/opt/homebrew/Cellar/mingw-w64/10.0.0_3/toolchain-x86_64/lib/gcc/x86_64-w64-mingw32/12.2.0/crtend.o]
  remove lib [gcc_eh]
  remove lib [msvcrt]
  remove lib [gcc_eh]
  remove lib [msvcrt]
  collapse obj [/opt/homebrew/Cellar/mingw-w64/10.0.0_3/toolchain-x86_64/lib/gcc/x86_64-w64-mingw32/12.2.0/../../../../x86_64-w64-mingw32/lib/../lib/crt2.o] ==> [/opt/homebrew/Cellar/mingw-w64/10.0.0_3/toolchain-x86_64/x86_64-w64-mingw32/lib/crt2.o]
  collapse library dir [/opt/homebrew/Cellar/mingw-w64/10.0.0_3/toolchain-x86_64/lib/gcc/x86_64-w64-mingw32/12.2.0] ==> [/opt/homebrew/Cellar/mingw-w64/10.0.0_3/toolchain-x86_64/lib/gcc/x86_64-w64-mingw32/12.2.0]
  collapse library dir [/opt/homebrew/Cellar/mingw-w64/10.0.0_3/toolchain-x86_64/lib/gcc/x86_64-w64-mingw32/12.2.0/../../../../x86_64-w64-mingw32/lib/../lib] ==> [/opt/homebrew/Cellar/mingw-w64/10.0.0_3/toolchain-x86_64/x86_64-w64-mingw32/lib]
  collapse library dir [/opt/homebrew/Cellar/mingw-w64/10.0.0_3/toolchain-x86_64/mingw/lib/../lib] ==> [/opt/homebrew/Cellar/mingw-w64/10.0.0_3/toolchain-x86_64/mingw/lib]
  collapse library dir [/opt/homebrew/Cellar/mingw-w64/10.0.0_3/toolchain-x86_64/lib/gcc/x86_64-w64-mingw32/12.2.0/../../../../x86_64-w64-mingw32/lib] ==> [/opt/homebrew/Cellar/mingw-w64/10.0.0_3/toolchain-x86_64/x86_64-w64-mingw32/lib]
  collapse library dir [/opt/homebrew/Cellar/mingw-w64/10.0.0_3/toolchain-x86_64/mingw/lib] ==> [/opt/homebrew/Cellar/mingw-w64/10.0.0_3/toolchain-x86_64/mingw/lib]
  implicit libs: [pthread;mingw32;gcc;moldname;mingwex;kernel32;pthread;advapi32;shell32;user32;kernel32;mingw32;gcc;moldname;mingwex;kernel32]
  implicit objs: [/opt/homebrew/Cellar/mingw-w64/10.0.0_3/toolchain-x86_64/x86_64-w64-mingw32/lib/crt2.o;/opt/homebrew/Cellar/mingw-w64/10.0.0_3/toolchain-x86_64/lib/gcc/x86_64-w64-mingw32/12.2.0/crtbegin.o;/opt/homebrew/Cellar/mingw-w64/10.0.0_3/toolchain-x86_64/lib/gcc/x86_64-w64-mingw32/12.2.0/crtend.o]
  implicit dirs: [/opt/homebrew/Cellar/mingw-w64/10.0.0_3/toolchain-x86_64/lib/gcc/x86_64-w64-mingw32/12.2.0;/opt/homebrew/Cellar/mingw-w64/10.0.0_3/toolchain-x86_64/x86_64-w64-mingw32/lib;/opt/homebrew/Cellar/mingw-w64/10.0.0_3/toolchain-x86_64/mingw/lib]
  implicit fwks: []


